<?xml version="1.0" encoding="UTF-8"?>
<testsuite xmlns:xsi="http://www.w3.org/2001/XMLSchema-instance" xsi:noNamespaceSchemaLocation="https://maven.apache.org/surefire/maven-surefire-plugin/xsd/surefire-test-report-3.0.xsd" version="3.0" name="examples.ExamplesTest" time="7.456" tests="1" errors="0" skipped="0" failures="1">
  <properties>
[...]
</properties>
  <testcase name="testParallel" classname="examples.ExamplesTest" time="7.407">
    <failure message="status code was: 404, expected: 200, response time in milliseconds: 5, url: http://localhost:3000/pets/protected-basic, response: &#10;{&quot;status&quot;:&quot;error&quot;,&quot;message&quot;:&quot;Pet not found&quot;,&quot;data&quot;:null}&#10;classpath:examples/pets/pets/pets.feature:66&#10;status code was: 404, expected: 401, response time in milliseconds: 7, url: http://localhost:3000/pets/protected-basic, response: &#10;{&quot;status&quot;:&quot;error&quot;,&quot;message&quot;:&quot;Pet not found&quot;,&quot;data&quot;:null}&#10;classpath:examples/pets/pets/pets.feature:76&#10;status code was: 404, expected: 200, response time in milliseconds: 5, url: http://localhost:3000/pets/login, response: &#10;&lt;!DOCTYPE html&gt;&#10;&lt;html lang=&quot;en&quot;&gt;&#10;&lt;head&gt;&#10;&lt;meta charset=&quot;utf-8&quot;&gt;&#10;&lt;title&gt;Error&lt;/title&gt;&#10;&lt;/head&gt;&#10;&lt;body&gt;&#10;&lt;pre&gt;Cannot POST /pets/login&lt;/pre&gt;&#10;&lt;/body&gt;&#10;&lt;/html&gt;&#10;&#10;classpath:examples/pets/pets/pets.feature:83 ==&gt; expected: &lt;0&gt; but was: &lt;3&gt;" type="org.opentest4j.AssertionFailedError"><![CDATA[org.opentest4j.AssertionFailedError: 
status code was: 404, expected: 200, response time in milliseconds: 5, url: http://localhost:3000/pets/protected-basic, response: 
{"status":"error","message":"Pet not found","data":null}
classpath:examples/pets/pets/pets.feature:66
status code was: 404, expected: 401, response time in milliseconds: 7, url: http://localhost:3000/pets/protected-basic, response: 
{"status":"error","message":"Pet not found","data":null}
classpath:examples/pets/pets/pets.feature:76
status code was: 404, expected: 200, response time in milliseconds: 5, url: http://localhost:3000/pets/login, response: 
<!DOCTYPE html>
<html lang="en">
<head>
<meta charset="utf-8">
<title>Error</title>
</head>
<body>
<pre>Cannot POST /pets/login</pre>
</body>
</html>

classpath:examples/pets/pets/pets.feature:83 ==> expected: <0> but was: <3>
	at org.junit.jupiter.api.AssertionFailureBuilder.build(AssertionFailureBuilder.java:151)
	at org.junit.jupiter.api.AssertionFailureBuilder.buildAndThrow(AssertionFailureBuilder.java:132)
	at org.junit.jupiter.api.AssertEquals.failNotEqual(AssertEquals.java:197)
	at org.junit.jupiter.api.AssertEquals.assertEquals(AssertEquals.java:150)
	at org.junit.jupiter.api.Assertions.assertEquals(Assertions.java:563)
	at examples.ExamplesTest.testParallel(ExamplesTest.java:15)
	at java.base/java.lang.reflect.Method.invoke(Method.java:568)
	at java.base/java.util.ArrayList.forEach(ArrayList.java:1511)
	at java.base/java.util.ArrayList.forEach(ArrayList.java:1511)
]]></failure>
    <system-out><![CDATA[09:56:42.217 [main] DEBUG com.intuit.karate.Suite - [config] classpath:karate-config.js
09:56:42.231 [main] INFO  com.intuit.karate.Suite - backed up existing 'target\karate-reports' dir to: target\karate-reports_1780415802224
09:56:44.706 [pool-2-thread-5] INFO  com.intuit.karate - karate.env system property was: null 
09:56:44.706 [pool-2-thread-1] INFO  com.intuit.karate - karate.env system property was: null 
09:56:44.706 [pool-2-thread-4] INFO  com.intuit.karate - karate.env system property was: null 
09:56:44.706 [pool-2-thread-2] INFO  com.intuit.karate - karate.env system property was: null 
09:56:44.706 [pool-2-thread-3] INFO  com.intuit.karate - karate.env system property was: null 
09:56:44.916 [pool-2-thread-1] INFO  com.intuit.karate - [print] la url es:  http://localhost:3000 
09:56:44.918 [pool-2-thread-1] INFO  com.intuit.karate - [print] el apikey es:  123 
09:56:45.443 [pool-2-thread-5] DEBUG com.intuit.karate - request:
1 > POST http://localhost:3000/pets
1 > Content-Type: application/json; charset=UTF-8
1 > Content-Length: 40
1 > Host: localhost:3000
1 > Connection: Keep-Alive
1 > User-Agent: Apache-HttpClient/4.5.14 (Java/17.0.7)
1 > Accept-Encoding: gzip,deflate
{"name":"Bingo3","type":"Perro","age":1}

09:56:45.443 [pool-2-thread-4] DEBUG com.intuit.karate - request:
1 > POST http://localhost:3000/pets
1 > Content-Type: application/json; charset=UTF-8
1 > Content-Length: 40
1 > Host: localhost:3000
1 > Connection: Keep-Alive
1 > User-Agent: Apache-HttpClient/4.5.14 (Java/17.0.7)
1 > Accept-Encoding: gzip,deflate
{"name":"Bingo3","type":"Perro","age":1}

09:56:45.443 [pool-2-thread-3] DEBUG com.intuit.karate - request:
1 > POST http://localhost:3000/pets
1 > Content-Type: application/json; charset=UTF-8
1 > Content-Length: 40
1 > Host: localhost:3000
1 > Connection: Keep-Alive
1 > User-Agent: Apache-HttpClient/4.5.14 (Java/17.0.7)
1 > Accept-Encoding: gzip,deflate
{"name":"Bingo3","type":"Perro","age":1}

09:56:45.443 [pool-2-thread-2] DEBUG com.intuit.karate - request:
1 > POST http://localhost:3000/pets
1 > Content-Type: application/json; charset=UTF-8
1 > Content-Length: 40
1 > Host: localhost:3000
1 > Connection: Keep-Alive
1 > User-Agent: Apache-HttpClient/4.5.14 (Java/17.0.7)
1 > Accept-Encoding: gzip,deflate
{"name":"Bingo3","type":"Perro","age":1}

09:56:45.443 [pool-2-thread-1] DEBUG com.intuit.karate - request:
1 > POST http://localhost:3000/pets
1 > Content-Type: application/json; charset=UTF-8
1 > Content-Length: 40
1 > Host: localhost:3000
1 > Connection: Keep-Alive
1 > User-Agent: Apache-HttpClient/4.5.14 (Java/17.0.7)
1 > Accept-Encoding: gzip,deflate
{"name":"Bingo3","type":"Perro","age":1}

09:56:45.519 [pool-2-thread-1] DEBUG com.intuit.karate - response time in milliseconds: 70
1 < 201
1 < X-Powered-By: Express
1 < Content-Type: application/json; charset=utf-8
1 < Content-Length: 111
1 < ETag: W/"6f-5Bb4FZy5GA0JMgOsWg3D0kfpMTw"
1 < Date: Tue, 02 Jun 2026 15:56:45 GMT
1 < Connection: keep-alive
1 < Keep-Alive: timeout=5
{"status":"success","message":"Pet created","data":{"id":1780415805504,"name":"Bingo3","type":"Perro","age":1}}

09:56:45.519 [pool-2-thread-2] DEBUG com.intuit.karate - response time in milliseconds: 71
1 < 201
1 < X-Powered-By: Express
1 < Content-Type: application/json; charset=utf-8
1 < Content-Length: 111
1 < ETag: W/"6f-4moySWtp2y4jNFsBT8QkTH+vxhU"
1 < Date: Tue, 02 Jun 2026 15:56:45 GMT
1 < Connection: keep-alive
1 < Keep-Alive: timeout=5
{"status":"success","message":"Pet created","data":{"id":1780415805513,"name":"Bingo3","type":"Perro","age":1}}

09:56:45.519 [pool-2-thread-3] DEBUG com.intuit.karate - response time in milliseconds: 70
1 < 201
1 < X-Powered-By: Express
1 < Content-Type: application/json; charset=utf-8
1 < Content-Length: 111
1 < ETag: W/"6f-G9pWp8ef4jgOCDTG50vjoxUytMM"
1 < Date: Tue, 02 Jun 2026 15:56:45 GMT
1 < Connection: keep-alive
1 < Keep-Alive: timeout=5
{"status":"success","message":"Pet created","data":{"id":1780415805509,"name":"Bingo3","type":"Perro","age":1}}

09:56:45.519 [pool-2-thread-4] DEBUG com.intuit.karate - response time in milliseconds: 70
1 < 201
1 < X-Powered-By: Express
1 < Content-Type: application/json; charset=utf-8
1 < Content-Length: 111
1 < ETag: W/"6f-jiuwbI5DEXunmBca4fII32EhivE"
1 < Date: Tue, 02 Jun 2026 15:56:45 GMT
1 < Connection: keep-alive
1 < Keep-Alive: timeout=5
{"status":"success","message":"Pet created","data":{"id":1780415805499,"name":"Bingo3","type":"Perro","age":1}}

09:56:45.519 [pool-2-thread-5] DEBUG com.intuit.karate - response time in milliseconds: 71
1 < 201
1 < X-Powered-By: Express
1 < Content-Type: application/json; charset=utf-8
1 < Content-Length: 111
1 < ETag: W/"6f-c/R+uXWvR37l5dhHoM5NImAHcJU"
1 < Date: Tue, 02 Jun 2026 15:56:45 GMT
1 < Connection: keep-alive
1 < Keep-Alive: timeout=5
{"status":"success","message":"Pet created","data":{"id":1780415805496,"name":"Bingo3","type":"Perro","age":1}}

09:56:45.568 [pool-2-thread-1] INFO  com.intuit.karate - karate.env system property was: null 
09:56:45.571 [pool-2-thread-2] DEBUG com.intuit.karate - request:
2 > GET http://localhost:3000/pets/1780415805513
2 > Host: localhost:3000
2 > Connection: Keep-Alive
2 > User-Agent: Apache-HttpClient/4.5.14 (Java/17.0.7)
2 > Accept-Encoding: gzip,deflate


09:56:45.571 [pool-2-thread-5] DEBUG com.intuit.karate - request:
2 > DELETE http://localhost:3000/pets/1780415805496
2 > Host: localhost:3000
2 > Connection: Keep-Alive
2 > User-Agent: Apache-HttpClient/4.5.14 (Java/17.0.7)
2 > Accept-Encoding: gzip,deflate


09:56:45.572 [pool-2-thread-4] DEBUG com.intuit.karate - request:
2 > PATCH http://localhost:3000/pets/1780415805499
2 > Content-Type: application/json; charset=UTF-8
2 > Content-Length: 16
2 > Host: localhost:3000
2 > Connection: Keep-Alive
2 > User-Agent: Apache-HttpClient/4.5.14 (Java/17.0.7)
2 > Accept-Encoding: gzip,deflate
{"name":"Bluey"}

09:56:45.572 [pool-2-thread-3] DEBUG com.intuit.karate - request:
2 > PUT http://localhost:3000/pets/1780415805509
2 > Content-Type: application/json; charset=UTF-8
2 > Content-Length: 40
2 > Host: localhost:3000
2 > Connection: Keep-Alive
2 > User-Agent: Apache-HttpClient/4.5.14 (Java/17.0.7)
2 > Accept-Encoding: gzip,deflate
{"name":"Bingo8","type":"Gato","age":10}

09:56:45.580 [pool-2-thread-5] DEBUG com.intuit.karate - response time in milliseconds: 8
2 < 204
2 < X-Powered-By: Express
2 < ETag: W/"38-wb8iw8b8FsxeeJAkWfcWHgal72I"
2 < Date: Tue, 02 Jun 2026 15:56:45 GMT
2 < Connection: keep-alive
2 < Keep-Alive: timeout=5


09:56:45.581 [pool-2-thread-4] DEBUG com.intuit.karate - response time in milliseconds: 9
2 < 200
2 < X-Powered-By: Express
2 < Content-Type: application/json; charset=utf-8
2 < Content-Length: 123
2 < ETag: W/"7b-QV8kXlFP/1xFAtbCaFmhKDPhPRQ"
2 < Date: Tue, 02 Jun 2026 15:56:45 GMT
2 < Connection: keep-alive
2 < Keep-Alive: timeout=5
{"status":"success","message":"Pet updated successfully","data":{"id":1780415805499,"name":"Bluey","type":"Perro","age":1}}

09:56:45.586 [pool-2-thread-3] DEBUG com.intuit.karate - response time in milliseconds: 14
2 < 200
2 < X-Powered-By: Express
2 < Content-Type: application/json; charset=utf-8
2 < Content-Length: 111
2 < ETag: W/"6f-5dSGcGdI10NhqUSptvbbakmUykk"
2 < Date: Tue, 02 Jun 2026 15:56:45 GMT
2 < Connection: keep-alive
2 < Keep-Alive: timeout=5
{"status":"success","message":"Pet updated","data":{"id":1780415805509,"name":"Bingo8","type":"Gato","age":10}}

09:56:45.588 [pool-2-thread-2] DEBUG com.intuit.karate - response time in milliseconds: 16
2 < 200
2 < X-Powered-By: Express
2 < Content-Type: application/json; charset=utf-8
2 < Content-Length: 109
2 < ETag: W/"6d-yOUxI+r7fTdQcXatfDwh/m/XjLc"
2 < Date: Tue, 02 Jun 2026 15:56:45 GMT
2 < Connection: keep-alive
2 < Keep-Alive: timeout=5
{"status":"success","message":"Pet found","data":{"id":1780415805513,"name":"Bingo3","type":"Perro","age":1}}

09:56:45.601 [pool-2-thread-5] INFO  com.intuit.karate - karate.env system property was: null 
09:56:45.602 [pool-2-thread-4] INFO  com.intuit.karate - karate.env system property was: null 
09:56:45.609 [pool-2-thread-4] DEBUG com.intuit.karate - request:
1 > POST http://localhost:3000/pets/login
1 > Content-Type: application/json; charset=UTF-8
1 > Content-Length: 25
1 > Host: localhost:3000
1 > Connection: Keep-Alive
1 > User-Agent: Apache-HttpClient/4.5.14 (Java/17.0.7)
1 > Accept-Encoding: gzip,deflate
{"username":"automation"}

09:56:45.615 [pool-2-thread-4] DEBUG com.intuit.karate - response time in milliseconds: 5
1 < 404
1 < X-Powered-By: Express
1 < Content-Security-Policy: default-src 'none'
1 < X-Content-Type-Options: nosniff
1 < Content-Type: text/html; charset=utf-8
1 < Content-Length: 150
1 < Date: Tue, 02 Jun 2026 15:56:45 GMT
1 < Connection: keep-alive
1 < Keep-Alive: timeout=5
<!DOCTYPE html>
<html lang="en">
<head>
<meta charset="utf-8">
<title>Error</title>
</head>
<body>
<pre>Cannot POST /pets/login</pre>
</body>
</html>


09:56:45.619 [pool-2-thread-5] DEBUG com.intuit.karate - request:
1 > GET http://localhost:3000/pets/protected-basic
1 > Authorization: Basic YWRtaW46cGFzc3dvcmQxMjM0
1 > Host: localhost:3000
1 > Connection: Keep-Alive
1 > User-Agent: Apache-HttpClient/4.5.14 (Java/17.0.7)
1 > Accept-Encoding: gzip,deflate


09:56:45.619 [pool-2-thread-1] DEBUG com.intuit.karate - request:
1 > GET http://localhost:3000/pets/protected-basic
1 > Authorization: Basic YWRtaW46cGFzc3dvcmQxMjM=
1 > Host: localhost:3000
1 > Connection: Keep-Alive
1 > User-Agent: Apache-HttpClient/4.5.14 (Java/17.0.7)
1 > Accept-Encoding: gzip,deflate


09:56:45.625 [pool-2-thread-1] DEBUG com.intuit.karate - response time in milliseconds: 5
1 < 404
1 < X-Powered-By: Express
1 < Content-Type: application/json; charset=utf-8
1 < Content-Length: 56
1 < ETag: W/"38-kfIpO9gUiMwJSSu/KOdQd+C1Z84"
1 < Date: Tue, 02 Jun 2026 15:56:45 GMT
1 < Connection: keep-alive
1 < Keep-Alive: timeout=5
{"status":"error","message":"Pet not found","data":null}

09:56:45.627 [pool-2-thread-5] DEBUG com.intuit.karate - response time in milliseconds: 7
1 < 404
1 < X-Powered-By: Express
1 < Content-Type: application/json; charset=utf-8
1 < Content-Length: 56
1 < ETag: W/"38-kfIpO9gUiMwJSSu/KOdQd+C1Z84"
1 < Date: Tue, 02 Jun 2026 15:56:45 GMT
1 < Connection: keep-alive
1 < Keep-Alive: timeout=5
{"status":"error","message":"Pet not found","data":null}

09:56:45.630 [pool-2-thread-5] ERROR com.intuit.karate - classpath:examples/pets/pets/pets.feature:76
Then status 401
status code was: 404, expected: 401, response time in milliseconds: 7, url: http://localhost:3000/pets/protected-basic, response: 
{"status":"error","message":"Pet not found","data":null}
classpath:examples/pets/pets/pets.feature:76
09:56:45.630 [pool-2-thread-1] ERROR com.intuit.karate - classpath:examples/pets/pets/pets.feature:66
Then status 200
status code was: 404, expected: 200, response time in milliseconds: 5, url: http://localhost:3000/pets/protected-basic, response: 
{"status":"error","message":"Pet not found","data":null}
classpath:examples/pets/pets/pets.feature:66
09:56:45.630 [pool-2-thread-4] ERROR com.intuit.karate - classpath:examples/pets/pets/pets.feature:83
And status 200
status code was: 404, expected: 200, response time in milliseconds: 5, url: http://localhost:3000/pets/login, response: 
<!DOCTYPE html>
<html lang="en">
<head>
<meta charset="utf-8">
<title>Error</title>
</head>
<body>
<pre>Cannot POST /pets/login</pre>
</body>
</html>

classpath:examples/pets/pets/pets.feature:83
---------------------------------------------------------
feature: classpath:examples/pets/pets/pets.feature
scenarios:  8 | passed:  5 | failed:  3 | time: 3.9249
---------------------------------------------------------

09:56:47.179 [pool-3-thread-1] INFO  com.intuit.karate.Suite - <<fail>> feature 1 of 1 (0 remaining) classpath:examples/pets/pets/pets.feature
Karate version: 1.5.0
======================================================
elapsed:   6.56 | threads:    5 | thread time: 3.93 
features:     1 | skipped:    0 | efficiency: 0.12
scenarios:    8 | passed:     5 | failed: 3
======================================================
>>> failed features:
status code was: 404, expected: 200, response time in milliseconds: 5, url: http://localhost:3000/pets/protected-basic, response: 
{"status":"error","message":"Pet not found","data":null}
classpath:examples/pets/pets/pets.feature:66
status code was: 404, expected: 401, response time in milliseconds: 7, url: http://localhost:3000/pets/protected-basic, response: 
{"status":"error","message":"Pet not found","data":null}
classpath:examples/pets/pets/pets.feature:76
status code was: 404, expected: 200, response time in milliseconds: 5, url: http://localhost:3000/pets/login, response: 
<!DOCTYPE html>
<html lang="en">
<head>
<meta charset="utf-8">
<title>Error</title>
</head>
<body>
<pre>Cannot POST /pets/login</pre>
</body>
</html>

classpath:examples/pets/pets/pets.feature:83
<<<

HTML report: (paste into browser to view) | Karate version: 1.5.0
file:///C:/Users/decon/Documents/api-karate-test-automation/target/karate-reports/karate-summary.html
===================================================================

]]></system-out>
  </testcase>
</testsuite>